app/build/intermediates/manifest_merge_blame_file/debug/manifest-merger-blame-debug-report.txt
1<?xml version="1.0" encoding="utf-8"?>
2<manifest xmlns:android="http://schemas.android.com/apk/res/android"
3    package="sotra.ynab"
4    android:versionCode="1"
5    android:versionName="1.0" >
6
7    <uses-sdk
8        android:minSdkVersion="21"
8-->src\main\AndroidManifest.xml
9        android:targetSdkVersion="29" />
9-->src\main\AndroidManifest.xml
10
11    <uses-permission android:name="android.permission.INTERNET" />
11-->src\main\AndroidManifest.xml:5:5-66
11-->src\main\AndroidManifest.xml:5:22-64
12
13    <!-- Permission will be merged into the manifest of the hosting app. -->
14    <!-- Is required to launch foreground extraction service for targetSdkVersion 28+. -->
15    <uses-permission android:name="android.permission.FOREGROUND_SERVICE" />
15-->[com.google.android.play:core:1.7.2] AndroidManifest.xml:8:3-74
15-->[com.google.android.play:core:1.7.2] AndroidManifest.xml:8:20-72
16
17    <application
17-->src\main\AndroidManifest.xml:6:5-22:19
18        android:name="sotra.ynab.ApplicationC"
18-->src\main\AndroidManifest.xml:7:9-37
19        android:allowBackup="true"
19-->src\main\AndroidManifest.xml:8:9-35
20        android:appComponentFactory="androidx.core.app.CoreComponentFactory"
20-->[androidx.core:core:1.3.2] AndroidManifest.xml:24:18-86
21        android:debuggable="true"
22        android:icon="@mipmap/ic_launcher"
22-->src\main\AndroidManifest.xml:9:9-43
23        android:label="@string/app_name"
23-->src\main\AndroidManifest.xml:10:9-41
24        android:roundIcon="@mipmap/ic_launcher_round"
24-->src\main\AndroidManifest.xml:11:9-54
25        android:supportsRtl="true"
25-->src\main\AndroidManifest.xml:12:9-35
26        android:testOnly="true"
27        android:theme="@style/Theme.YNABTask" >
27-->src\main\AndroidManifest.xml:13:9-46
28        <activity android:name="sotra.ynab.MainActivity" >
28-->src\main\AndroidManifest.xml:14:9-21:20
28-->src\main\AndroidManifest.xml:15:13-41
29            <intent-filter>
29-->src\main\AndroidManifest.xml:16:13-20:29
30                <action android:name="android.intent.action.MAIN" />
30-->src\main\AndroidManifest.xml:17:17-69
30-->src\main\AndroidManifest.xml:17:25-66
31
32                <category android:name="android.intent.category.LAUNCHER" />
32-->src\main\AndroidManifest.xml:19:17-77
32-->src\main\AndroidManifest.xml:19:27-74
33            </intent-filter>
34        </activity>
35
36        <provider
36-->[androidx.lifecycle:lifecycle-process:2.0.0] AndroidManifest.xml:23:9-27:43
37            android:name="androidx.lifecycle.ProcessLifecycleOwnerInitializer"
37-->[androidx.lifecycle:lifecycle-process:2.0.0] AndroidManifest.xml:24:13-79
38            android:authorities="sotra.ynab.lifecycle-process"
38-->[androidx.lifecycle:lifecycle-process:2.0.0] AndroidManifest.xml:25:13-69
39            android:exported="false"
39-->[androidx.lifecycle:lifecycle-process:2.0.0] AndroidManifest.xml:26:13-37
40            android:multiprocess="true" /> <!-- The activities will be merged into the manifest of the hosting app. -->
40-->[androidx.lifecycle:lifecycle-process:2.0.0] AndroidManifest.xml:27:13-40
41        <activity
41-->[com.google.android.play:core:1.7.2] AndroidManifest.xml:12:5-271
42            android:name="com.google.android.play.core.missingsplits.PlayCoreMissingSplitsActivity"
42-->[com.google.android.play:core:1.7.2] AndroidManifest.xml:12:15-102
43            android:enabled="false"
43-->[com.google.android.play:core:1.7.2] AndroidManifest.xml:12:103-126
44            android:exported="false"
44-->[com.google.android.play:core:1.7.2] AndroidManifest.xml:12:127-151
45            android:launchMode="singleInstance"
45-->[com.google.android.play:core:1.7.2] AndroidManifest.xml:12:204-239
46            android:process=":playcore_missing_splits_activity"
46-->[com.google.android.play:core:1.7.2] AndroidManifest.xml:12:152-203
47            android:stateNotNeeded="true" />
47-->[com.google.android.play:core:1.7.2] AndroidManifest.xml:12:240-269
48        <activity
48-->[com.google.android.play:core:1.7.2] AndroidManifest.xml:13:5-226
49            android:name="com.google.android.play.core.common.PlayCoreDialogWrapperActivity"
49-->[com.google.android.play:core:1.7.2] AndroidManifest.xml:13:15-95
50            android:enabled="false"
50-->[com.google.android.play:core:1.7.2] AndroidManifest.xml:13:96-119
51            android:exported="false"
51-->[com.google.android.play:core:1.7.2] AndroidManifest.xml:13:120-144
52            android:stateNotNeeded="true"
52-->[com.google.android.play:core:1.7.2] AndroidManifest.xml:13:145-174
53            android:theme="@style/Theme.PlayCore.Transparent" /> <!-- The service will be merged into the manifest of the hosting app. -->
53-->[com.google.android.play:core:1.7.2] AndroidManifest.xml:13:175-224
54        <service
54-->[com.google.android.play:core:1.7.2] AndroidManifest.xml:16:5-145
55            android:name="com.google.android.play.core.assetpacks.AssetPackExtractionService"
55-->[com.google.android.play:core:1.7.2] AndroidManifest.xml:16:14-95
56            android:enabled="false"
56-->[com.google.android.play:core:1.7.2] AndroidManifest.xml:16:96-119
57            android:exported="true" />
57-->[com.google.android.play:core:1.7.2] AndroidManifest.xml:16:120-143
58    </application>
59
60</manifest>